<?xml version="1.0" encoding="UTF-8"?>
<!-- Generated by org.testng.reporters.JUnitXMLReporter -->
<testsuite ignored="2" hostname="DESKTOP-VIB6UCD" failures="0" tests="5" name="Test-Runner-Chrome" time="274.458" errors="0" timestamp="2021-12-07T15:31:47 IST">
  <testcase classname="com.crm.comcast.Test.ContactPageTest" name="createConatctWithOrgTest" time="64.72"/>
  <testcase classname="com.crm.comcast.Test.ContactPageTest" name="createContactWithLastNameTest" time="24.317"/>
  <testcase classname="com.crm.comcast.Test.ContactPageTest" name="createContact_Support_DateTest" time="28.103"/>
  <testcase classname="com.crm.comcast.Test.CreateOrganizationTest1" name="createOrganizationTest" time="32.197"/>
  <testcase classname="com.crm.comcast.Test.CreateOrganizationTest1" name="createOrganization_With_Industries_And_Type_Test" time="27.497"/>
  <testcase classname="comcast.crm.SDET_26.GenericUtility.BaseAnnotationClass" name="@BeforeSuite config_BS" time="0.0">
    <ignored/>
  </testcase> <!-- @BeforeSuite config_BS -->
  <testcase classname="comcast.crm.SDET_26.GenericUtility.BaseAnnotationClass" name="@AfterSuite config_AS" time="0.0">
    <ignored/>
  </testcase> <!-- @AfterSuite config_AS -->
</testsuite> <!-- Test-Runner-Chrome -->
