<?xml version="1.0" encoding="UTF-8"?>
<!-- Generated by org.testng.reporters.JUnitReportReporter -->
<testsuite hostname="DESKTOP-VIB6UCD" failures="0" tests="4" name="com.crm.comcast.Test.CreateOrganizationTest1" time="166.577" errors="0" timestamp="2021-12-08T17:27:29 IST" skipped="0">
  <testcase classname="com.crm.comcast.Test.CreateOrganizationTest1" name="createOrganizationTest" time="51.113"/>
  <system-out/>
  <testcase classname="com.crm.comcast.Test.CreateOrganizationTest1" name="createOrganization_With_Industries_And_Type_Test" time="41.115"/>
  <system-out/>
  <testcase classname="com.crm.comcast.Test.CreateOrganizationTest1" name="createOrganization_With_Industries_And_Type_Test" time="39.942"/>
  <system-out/>
  <testcase classname="com.crm.comcast.Test.CreateOrganizationTest1" name="createOrganizationTest" time="34.407"/>
  <system-out/>
</testsuite> <!-- com.crm.comcast.Test.CreateOrganizationTest1 -->
