<?xml version="1.0" encoding="UTF-8"?>
<!-- Generated by org.testng.reporters.JUnitReportReporter -->
<testsuite hostname="DESKTOP-VIB6UCD" failures="0" tests="1" name="comcast.crm.SDET_26.comcast.crm.SDET_26.DemoRun" time="0.027" errors="0" timestamp="2021-12-02T16:40:42 IST" skipped="0">
  <testcase classname="comcast.crm.SDET_26.comcast.crm.SDET_26.DemoRun" name="test" time="0.027"/>
  <system-out/>
</testsuite> <!-- comcast.crm.SDET_26.comcast.crm.SDET_26.DemoRun -->
