<?xml version="1.0" encoding="UTF-8"?>
<!-- Generated by org.testng.reporters.JUnitReportReporter -->
<testsuite hostname="DESKTOP-VIB6UCD" failures="0" tests="6" name="com.crm.comcast.Test.ContactPageTest" time="310.137" errors="0" timestamp="2021-12-08T17:27:29 IST" skipped="0">
  <testcase classname="com.crm.comcast.Test.ContactPageTest" name="createConatctWithOrgTest" time="72.400"/>
  <system-out/>
  <testcase classname="com.crm.comcast.Test.ContactPageTest" name="createContactWithLastNameTest" time="63.110"/>
  <system-out/>
  <testcase classname="com.crm.comcast.Test.ContactPageTest" name="createConatctWithOrgTest" time="73.087"/>
  <system-out/>
  <testcase classname="com.crm.comcast.Test.ContactPageTest" name="createContactWithLastNameTest" time="30.159"/>
  <system-out/>
  <testcase classname="com.crm.comcast.Test.ContactPageTest" name="createContact_Support_DateTest" time="35.169"/>
  <system-out/>
  <testcase classname="com.crm.comcast.Test.ContactPageTest" name="createContact_Support_DateTest" time="36.212"/>
  <system-out/>
</testsuite> <!-- com.crm.comcast.Test.ContactPageTest -->
